app/proguard-rules.pro
# Add project specific ProGuard rules here.
# You can control the set of applied configuration files using the
# proguardFiles setting in build.gradle.
#
# For more details, see
#   http://developer.android.com/guide/developing/tools/proguard.html

# If your project uses WebView with JS, uncomment the following
# and specify the fully qualified class name to the JavaScript interface
# class:
#-keepclassmembers class fqcn.of.javascript.interface.for.webview {
#   public *;
#}

# Uncomment this to preserve the line number information for
# debugging stack traces.
#-keepattributes SourceFile,LineNumberTable

# If you keep the line number information, uncomment this to
# hide the original source file name.
#-renamesourcefileattribute SourceFile

# Keep Retrofit
-keepattributes Signature, InnerClasses, EnclosingMethod
-keepattributes RuntimeVisibleAnnotations, RuntimeVisibleParameterAnnotations
-keepclassmembers,allowshrinking,allowobfuscation interface * {
    @retrofit2.http.* <methods>;
}
-dontwarn org.codehaus.mojo.animal_sniffer.IgnoreJRERequirement
-dontwarn javax.annotation.**
-dontwarn kotlin.Unit
-dontwarn retrofit2.KotlinExtensions
-dontwarn retrofit2.KotlinExtensions$*

# Keep Room
-keep class * extends androidx.room.RoomDatabase
-dontwarn androidx.room.paging.**

# Keep Hilt
-keep class dagger.hilt.** { *; }
-keep class javax.inject.** { *; }
-keep class * extends dagger.hilt.android.HiltAndroidApp

# Keep PDFBox classes
-keep class com.tom_roush.pdfbox.** { *; }
-keep class org.apache.pdfbox.** { *; }
-dontwarn com.tom_roush.pdfbox.**
-dontwarn org.apache.pdfbox.**

# Keep JP2 decoder (missing class that PDFBox references)
-dontwarn com.gemalto.jp2.JP2Decoder

# Keep data classes
-keep class com.englishlearn.data.entities.** { *; }
-keep class com.englishlearn.data.api.** { *; }

# Keep Gson
-keepattributes Signature
-keepattributes *Annotation*
-keep class com.google.gson.** { *; }
-keep class * implements com.google.gson.TypeAdapterFactory
-keep class * implements com.google.gson.JsonSerializer
-keep class * implements com.google.gson.JsonDeserializer

# Keep ML Kit
-keep class com.google.mlkit.** { *; }
-dontwarn com.google.mlkit.**