app/build/outputs/mapping/release/seeds.txt
com.englishlearn.data.entities.Translation
com.englishlearn.data.api.Phonetic
com.englishlearn.ui.viewmodels.DocumentImportViewModel
com.englishlearn.data.api.SafetySetting
com.englishlearn.data.api.Part
com.englishlearn.ui.viewmodels.ReadingViewModel
com.englishlearn.EnglishLearnApplication_GeneratedInjector
com.englishlearn.data.entities.LearningSession
com.englishlearn.data.api.GoogleAIResponse
com.englishlearn.data.database.EnglishLearnDatabase
com.englishlearn.data.entities.DifficultyLevel
com.englishlearn.data.api.GenerationConfig
com.englishlearn.data.api.Candidate
com.englishlearn.data.api.DictionaryResponse
com.englishlearn.ui.MainActivity
com.englishlearn.data.api.GoogleAIRequest
com.englishlearn.data.api.Choice
com.englishlearn.data.entities.DocumentType
com.englishlearn.data.entities.Vocabulary
com.englishlearn.data.database.EnglishLearnDatabase_Impl
com.englishlearn.ui.viewmodels.VocabularyViewModel
com.englishlearn.EnglishLearnApplication
com.englishlearn.data.api.ChatMessage
com.englishlearn.data.api.GoogleAIApi
com.englishlearn.ui.viewmodels.HomeViewModel
com.englishlearn.data.api.TranslationResponse
com.englishlearn.data.api.Definition
com.englishlearn.data.api.SummaryRequest
com.englishlearn.data.api.OpenRouterApi
com.englishlearn.ui.viewmodels.DocumentsViewModel
com.englishlearn.data.api.TranslationRequest
com.englishlearn.data.api.DictionaryApi
com.englishlearn.data.api.SummaryResponse
com.englishlearn.ui.MainActivity_GeneratedInjector
com.englishlearn.data.api.Content
com.englishlearn.data.api.SafetyRating
com.englishlearn.ui.viewmodels.SettingsViewModel
com.englishlearn.data.api.Meaning
com.englishlearn.data.entities.Document
com.englishlearn.data.api.SummaryRequest: int max_tokens
com.englishlearn.data.api.TranslationRequest: java.util.List messages
com.englishlearn.data.entities.DifficultyLevel: com.englishlearn.data.entities.DifficultyLevel ADVANCED
com.englishlearn.data.api.DictionaryResponse: java.lang.String word
com.englishlearn.data.entities.DifficultyLevel: com.englishlearn.data.entities.DifficultyLevel ELEMENTARY
com.englishlearn.data.api.SummaryResponse: int $stable
com.englishlearn.data.api.TranslationRequest: int max_tokens
com.englishlearn.data.entities.LearningSession: int pagesRead
com.englishlearn.data.entities.Translation: java.lang.String documentId
com.englishlearn.data.entities.Document: java.lang.String id
com.englishlearn.data.api.TranslationResponse: int $stable
com.englishlearn.data.entities.Document: java.lang.String title
com.englishlearn.data.api.TranslationRequest: java.lang.String model
com.englishlearn.data.api.GenerationConfig: java.lang.Double temperature
com.englishlearn.data.entities.Vocabulary: java.util.List synonyms
com.englishlearn.data.entities.Vocabulary: int reviewCount
com.englishlearn.data.api.Candidate: int $stable
com.englishlearn.data.api.Definition: int $stable
com.englishlearn.data.entities.Document: int totalPages
com.englishlearn.data.entities.DocumentType: com.englishlearn.data.entities.DocumentType PDF
com.englishlearn.data.api.GenerationConfig: java.lang.Integer topK
com.englishlearn.data.api.Phonetic: int $stable
com.englishlearn.data.entities.Translation: java.lang.String id
com.englishlearn.data.api.Part: int $stable
com.englishlearn.data.api.Candidate: java.lang.String finishReason
com.englishlearn.data.entities.Translation: java.lang.String sourceLanguage
com.englishlearn.data.entities.LearningSession: long startTime
com.englishlearn.data.entities.Vocabulary: java.lang.String definition
com.englishlearn.data.api.DictionaryResponse: int $stable
com.englishlearn.data.api.Meaning: java.lang.String partOfSpeech
com.englishlearn.data.entities.Vocabulary: java.lang.String audioUrl
com.englishlearn.data.entities.DifficultyLevel: com.englishlearn.data.entities.DifficultyLevel INTERMEDIATE
com.englishlearn.data.entities.Vocabulary: java.util.List antonyms
com.englishlearn.data.api.Meaning: int $stable
...
com.tom_roush.pdfbox.pdmodel.common.filespecification.PDSimpleFileSpecification: com.tom_roush.pdfbox.cos.COSBase getCOSObject()
com.tom_roush.pdfbox.pdmodel.font.PDType1FontEmbedder: com.tom_roush.pdfbox.pdmodel.font.PDFontDescriptor buildFontDescriptor(com.tom_roush.fontbox.afm.FontMetrics)
com.tom_roush.pdfbox.util.Matrix: com.tom_roush.pdfbox.util.Matrix getTranslateInstance(float,float)
com.tom_roush.pdfbox.pdfparser.COSParser: COSParser(com.tom_roush.pdfbox.io.RandomAccessRead)
androidx.core.app.NotificationCompatBuilder$Api28Impl: android.app.Notification$Action$Builder setSemanticAction(android.app.Notification$Action$Builder,int)
com.google.gson.internal.LinkedTreeMap$Node: java.lang.String toString()
androidx.core.view.accessibility.AccessibilityNodeInfoCompat$Api19Impl: android.os.Bundle getExtras(android.view.accessibility.AccessibilityNodeInfo)
com.tom_roush.pdfbox.pdmodel.common.function.PDFunctionType3: PDFunctionType3(com.tom_roush.pdfbox.cos.COSBase)
com.tom_roush.pdfbox.pdfwriter.COSWriterXRefEntry: void setObject(com.tom_roush.pdfbox.cos.COSBase)
com.tom_roush.pdfbox.io.RandomAccessRead: int read()
com.tom_roush.pdfbox.pdmodel.fdf.FDFAnnotation: void setSubject(java.lang.String)
com.tom_roush.pdfbox.pdmodel.encryption.PublicKeyRecipient: java.security.cert.X509Certificate getX509()
com.tom_roush.pdfbox.pdmodel.graphics.state.PDGraphicsState: void setTextState(com.tom_roush.pdfbox.pdmodel.graphics.state.PDTextState)
com.tom_roush.pdfbox.pdmodel.graphics.optionalcontent.PDOptionalContentProperties$BaseState: PDOptionalContentProperties$BaseState(java.lang.String,int,com.tom_roush.pdfbox.cos.COSName)
com.tom_roush.pdfbox.pdmodel.common.COSArrayList: com.tom_roush.pdfbox.cos.COSArray toList()
com.tom_roush.pdfbox.pdmodel.interactive.digitalsignature.PDSeedValueTimeStamp: PDSeedValueTimeStamp(com.tom_roush.pdfbox.cos.COSDictionary)
com.tom_roush.pdfbox.pdmodel.PDAppearanceContentStream: void closeAndFillAndStrokeEvenOdd()
com.tom_roush.pdfbox.pdmodel.font.PDCIDFont: PDCIDFont(com.tom_roush.pdfbox.cos.COSDictionary,com.tom_roush.pdfbox.pdmodel.font.PDType0Font)
com.tom_roush.pdfbox.pdmodel.encryption.AccessPermission: boolean canFillInForm()
com.google.gson.JsonPrimitive: JsonPrimitive(java.lang.Character)
com.tom_roush.pdfbox.pdmodel.font.PDType1CFont: com.tom_roush.fontbox.util.BoundingBox generateBoundingBox()
com.tom_roush.pdfbox.pdmodel.interactive.form.PDFieldFactory: com.tom_roush.pdfbox.pdmodel.interactive.form.PDField createButtonSubType(com.tom_roush.pdfbox.pdmodel.interactive.form.PDAcroForm,com.tom_roush.pdfbox.cos.COSDictionary,com.tom_roush.pdfbox.pdmodel.interactive.form.PDNonTerminalField)
androidx.core.view.WindowInsetsCompat$Impl20: void setRootViewData(androidx.core.graphics.Insets)
com.google.android.datatransport.cct.internal.NetworkConnectionInfo$MobileSubtype: com.google.android.datatransport.cct.internal.NetworkConnectionInfo$MobileSubtype valueOf(java.lang.String)
kotlinx.coroutines.android.AndroidExceptionPreHandler: void handleException(kotlin.coroutines.CoroutineContext,java.lang.Throwable)
com.tom_roush.pdfbox.pdmodel.documentinterchange.taggedpdf.PDStandardAttributeObject: java.lang.String[] getArrayOfString(java.lang.String)
com.tom_roush.pdfbox.pdmodel.interactive.documentnavigation.outline.PDOutlineNode: boolean isNodeOpen()
com.tom_roush.pdfbox.pdmodel.common.function.PDFunction: int getNumberOfOutputParameters()
com.tom_roush.pdfbox.pdmodel.interactive.form.PDField: void importFDF(com.tom_roush.pdfbox.pdmodel.fdf.FDFField)
com.tom_roush.pdfbox.pdmodel.interactive.form.PDAcroForm: void setQ(int)
androidx.compose.ui.layout.MeasuringIntrinsics$IntrinsicWidthHeight: androidx.compose.ui.layout.MeasuringIntrinsics$IntrinsicWidthHeight[] values()
com.tom_roush.pdfbox.pdmodel.common.function.type4.Parser$SyntaxHandler: void newLine(java.lang.CharSequence)
com.google.gson.internal.bind.TypeAdapters$12: void write(com.google.gson.stream.JsonWriter,java.lang.Number)